<?xml version="1.0" encoding="UTF-8"?>
<testng-results skipped="0" failed="0" ignored="0" total="1" passed="1">
  <reporter-output>
  </reporter-output>
  <suite name="Default suite" duration-ms="11104" started-at="2021-08-01T04:01:04Z" finished-at="2021-08-01T04:01:15Z">
    <groups>
    </groups>
    <test name="Default test" duration-ms="11104" started-at="2021-08-01T04:01:04Z" finished-at="2021-08-01T04:01:15Z">
      <class name="TestCases.TC_01">
        <test-method status="PASS" signature="Tc_FbLogin()[pri:0, instance:TestCases.TC_01@724af044]" name="Tc_FbLogin" duration-ms="11036" started-at="2021-08-01T04:01:04Z" finished-at="2021-08-01T04:01:15Z">
          <reporter-output>
          </reporter-output>
        </test-method> <!-- Tc_FbLogin -->
      </class> <!-- TestCases.TC_01 -->
    </test> <!-- Default test -->
  </suite> <!-- Default suite -->
</testng-results>
